<?xml version="1.0" encoding="UTF-8"?>
<!-- Generated by org.testng.reporters.JUnitReportReporter -->
<testsuite skipped="0" hostname="CNBJHQTEC123" name="com.vdcoding.NewTest" tests="2" failures="0" timestamp="16 四月 2018 06:17:53 GMT" time="0.005" errors="0">
  <testcase name="f" time="0.001" classname="com.vdcoding.NewTest"/>
  <testcase name="f" time="0.004" classname="com.vdcoding.NewTest"/>
</testsuite> <!-- com.vdcoding.NewTest -->
